This file contains any messages produced by compilers while
running configure, to aid debugging if configure makes a mistake.

It was created by Valgrind configure 3.7.0, which was
generated by GNU Autoconf 2.65.  Invocation command line was

  $ ./configure 

## --------- ##
## Platform. ##
## --------- ##

hostname = (none)
uname -m = x86_64
uname -r = 3.4.4-2-ARCH
uname -s = Linux
uname -v = #1 SMP PREEMPT Sun Jun 24 18:59:47 CEST 2012

/usr/bin/uname -p = unknown
/bin/uname -X     = unknown

/bin/arch              = unknown
/usr/bin/arch -k       = unknown
/usr/convex/getsysinfo = unknown
/usr/bin/hostinfo      = unknown
/bin/machine           = unknown
/usr/bin/oslevel       = unknown
/bin/universe          = unknown

PATH: /usr/local/bin
PATH: /usr/bin
PATH: /bin
PATH: /usr/local/sbin
PATH: /usr/sbin
PATH: /sbin
PATH: /home/torerling/.gem/ruby/1.9.1/bin
PATH: /usr/bin/core_perl


## ----------- ##
## Core tests. ##
## ----------- ##

configure:2510: checking for a BSD-compatible install
configure:2578: result: /usr/bin/install -c
configure:2589: checking whether build environment is sane
configure:2639: result: yes
configure:2780: checking for a thread-safe mkdir -p
configure:2819: result: /bin/mkdir -p
configure:2832: checking for gawk
configure:2848: found /usr/bin/gawk
configure:2859: result: gawk
configure:2870: checking whether make sets $(MAKE)
configure:2892: result: yes
configure:2974: checking whether to enable maintainer-specific portions of Makefiles
configure:2983: result: no
configure:3002: checking whether ln -s works
configure:3006: result: yes
configure:3061: checking for gcc
configure:3077: found /usr/bin/gcc
configure:3088: result: gcc
configure:3317: checking for C compiler version
configure:3326: gcc --version >&5
gcc (GCC) 4.7.1
Copyright (C) 2012 Free Software Foundation, Inc.
This is free software; see the source for copying conditions.  There is NO
warranty; not even for MERCHANTABILITY or FITNESS FOR A PARTICULAR PURPOSE.

configure:3337: $? = 0
configure:3326: gcc -v >&5
Using built-in specs.
COLLECT_GCC=gcc
COLLECT_LTO_WRAPPER=/usr/lib/gcc/x86_64-unknown-linux-gnu/4.7.1/lto-wrapper
Target: x86_64-unknown-linux-gnu
Configured with: /build/src/gcc-4.7.1/configure --prefix=/usr --libdir=/usr/lib --libexecdir=/usr/lib --mandir=/usr/share/man --infodir=/usr/share/info --with-bugurl=https://bugs.archlinux.org/ --enable-languages=c,c++,ada,fortran,go,lto,objc,obj-c++ --enable-shared --enable-threads=posix --with-system-zlib --enable-__cxa_atexit --disable-libunwind-exceptions --enable-clocale=gnu --disable-libstdcxx-pch --enable-libstdcxx-time --enable-gnu-unique-object --enable-linker-build-id --with-ppl --enable-cloog-backend=isl --disable-ppl-version-check --disable-cloog-version-check --enable-lto --enable-gold --enable-ld=default --enable-plugin --with-plugin-ld=ld.gold --with-linker-hash-style=gnu --disable-multilib --disable-libssp --disable-build-with-cxx --disable-build-poststage1-with-cxx --enable-checking=release
Thread model: posix
gcc version 4.7.1 (GCC) 
configure:3337: $? = 0
configure:3326: gcc -V >&5
gcc: error: unrecognized command line option '-V'
gcc: fatal error: no input files
compilation terminated.
configure:3337: $? = 1
configure:3326: gcc -qversion >&5
gcc: error: unrecognized command line option '-qversion'
gcc: fatal error: no input files
compilation terminated.
configure:3337: $? = 1
configure:3357: checking whether the C compiler works
configure:3379: gcc -Wno-long-long    conftest.c  >&5
configure:3383: $? = 0
configure:3432: result: yes
configure:3435: checking for C compiler default output file name
configure:3437: result: a.out
configure:3443: checking for suffix of executables
configure:3450: gcc -o conftest -Wno-long-long    conftest.c  >&5
configure:3454: $? = 0
configure:3476: result: 
configure:3498: checking whether we are cross compiling
configure:3506: gcc -o conftest -Wno-long-long    conftest.c  >&5
configure:3510: $? = 0
configure:3517: ./conftest
configure:3521: $? = 0
configure:3536: result: no
configure:3541: checking for suffix of object files
configure:3563: gcc -c -Wno-long-long   conftest.c >&5
configure:3567: $? = 0
configure:3588: result: o
configure:3592: checking whether we are using the GNU C compiler
configure:3611: gcc -c -Wno-long-long   conftest.c >&5
configure:3611: $? = 0
configure:3620: result: yes
configure:3629: checking whether gcc accepts -g
configure:3649: gcc -c -g  conftest.c >&5
configure:3649: $? = 0
configure:3690: result: yes
configure:3707: checking for gcc option to accept ISO C89
configure:3771: gcc  -c -Wno-long-long   conftest.c >&5
configure:3771: $? = 0
configure:3784: result: none needed
configure:3815: checking for style of include used by make
configure:3843: result: GNU
configure:3868: checking dependency style of gcc
configure:3978: result: gcc3
configure:3994: checking whether gcc and cc understand -c and -o together
configure:4025: gcc -c conftest.c -o conftest2.o >&5
configure:4029: $? = 0
configure:4035: gcc -c conftest.c -o conftest2.o >&5
configure:4039: $? = 0
configure:4050: cc -c conftest.c >&5
configure:4054: $? = 0
configure:4062: cc -c conftest.c -o conftest2.o >&5
configure:4066: $? = 0
configure:4072: cc -c conftest.c -o conftest2.o >&5
configure:4076: $? = 0
configure:4094: result: yes
configure:4124: checking how to run the C preprocessor
configure:4155: gcc -E  conftest.c
configure:4155: $? = 0
configure:4169: gcc -E  conftest.c
conftest.c:11:28: fatal error: ac_nonexistent.h: No such file or directory
compilation terminated.
configure:4169: $? = 1
configure: failed program was:
| /* confdefs.h */
| #define PACKAGE_NAME "Valgrind"
| #define PACKAGE_TARNAME "valgrind"
| #define PACKAGE_VERSION "3.7.0"
| #define PACKAGE_STRING "Valgrind 3.7.0"
| #define PACKAGE_BUGREPORT "valgrind-users@lists.sourceforge.net"
| #define PACKAGE_URL ""
| #define PACKAGE "valgrind"
| #define VERSION "3.7.0"
| /* end confdefs.h.  */
| #include <ac_nonexistent.h>
configure:4194: result: gcc -E
configure:4214: gcc -E  conftest.c
configure:4214: $? = 0
configure:4228: gcc -E  conftest.c
conftest.c:11:28: fatal error: ac_nonexistent.h: No such file or directory
compilation terminated.
configure:4228: $? = 1
configure: failed program was:
| /* confdefs.h */
| #define PACKAGE_NAME "Valgrind"
| #define PACKAGE_TARNAME "valgrind"
| #define PACKAGE_VERSION "3.7.0"
| #define PACKAGE_STRING "Valgrind 3.7.0"
| #define PACKAGE_BUGREPORT "valgrind-users@lists.sourceforge.net"
| #define PACKAGE_URL ""
| #define PACKAGE "valgrind"
| #define VERSION "3.7.0"
| /* end confdefs.h.  */
| #include <ac_nonexistent.h>
configure:4314: checking for g++
configure:4330: found /usr/bin/g++
configure:4341: result: g++
configure:4368: checking for C++ compiler version
configure:4377: g++ --version >&5
g++ (GCC) 4.7.1
Copyright (C) 2012 Free Software Foundation, Inc.
This is free software; see the source for copying conditions.  There is NO
warranty; not even for MERCHANTABILITY or FITNESS FOR A PARTICULAR PURPOSE.

configure:4388: $? = 0
configure:4377: g++ -v >&5
Using built-in specs.
COLLECT_GCC=g++
COLLECT_LTO_WRAPPER=/usr/lib/gcc/x86_64-unknown-linux-gnu/4.7.1/lto-wrapper
Target: x86_64-unknown-linux-gnu
Configured with: /build/src/gcc-4.7.1/configure --prefix=/usr --libdir=/usr/lib --libexecdir=/usr/lib --mandir=/usr/share/man --infodir=/usr/share/info --with-bugurl=https://bugs.archlinux.org/ --enable-languages=c,c++,ada,fortran,go,lto,objc,obj-c++ --enable-shared --enable-threads=posix --with-system-zlib --enable-__cxa_atexit --disable-libunwind-exceptions --enable-clocale=gnu --disable-libstdcxx-pch --enable-libstdcxx-time --enable-gnu-unique-object --enable-linker-build-id --with-ppl --enable-cloog-backend=isl --disable-ppl-version-check --disable-cloog-version-check --enable-lto --enable-gold --enable-ld=default --enable-plugin --with-plugin-ld=ld.gold --with-linker-hash-style=gnu --disable-multilib --disable-libssp --disable-build-with-cxx --disable-build-poststage1-with-cxx --enable-checking=release
Thread model: posix
gcc version 4.7.1 (GCC) 
configure:4388: $? = 0
configure:4377: g++ -V >&5
g++: error: unrecognized command line option '-V'
g++: fatal error: no input files
compilation terminated.
configure:4388: $? = 1
configure:4377: g++ -qversion >&5
g++: error: unrecognized command line option '-qversion'
g++: fatal error: no input files
compilation terminated.
configure:4388: $? = 1
configure:4392: checking whether we are using the GNU C++ compiler
configure:4411: g++ -c   conftest.cpp >&5
configure:4411: $? = 0
configure:4420: result: yes
configure:4429: checking whether g++ accepts -g
configure:4449: g++ -c -g  conftest.cpp >&5
configure:4449: $? = 0
configure:4490: result: yes
configure:4515: checking dependency style of g++
configure:4625: result: gcc3
configure:4696: checking for ranlib
configure:4712: found /usr/bin/ranlib
configure:4723: result: ranlib
configure:4748: checking for a sed that does not truncate output
configure:4812: result: /bin/sed
configure:4825: checking for ar
configure:4843: found /usr/bin/ar
configure:4855: result: /usr/bin/ar
configure:4878: checking for perl
configure:4896: found /usr/bin/perl
configure:4908: result: /usr/bin/perl
configure:4920: checking for gdb
configure:4951: result: /no/gdb/was/found/at/configure/time
configure:4975: checking dependency style of gcc
configure:5083: result: gcc3
configure:5102: checking for diff -u
configure:5110: result: yes
configure:5122: checking for a supported version of gcc
configure:5149: result: ok (4.7.1)
configure:5175: checking build system type
configure:5189: result: x86_64-unknown-linux-gnu
configure:5209: checking host system type
configure:5222: result: x86_64-unknown-linux-gnu
configure:5243: checking for a supported CPU
configure:5258: result: ok (x86_64)
configure:5306: checking for a 64-bit only build
configure:5319: result: no
configure:5323: checking for a 32-bit only build
configure:5336: result: no
configure:5349: checking for a supported OS
configure:5357: result: ok (linux-gnu)
configure:5362: checking for the kernel version
configure:5369: result: 2.6.x/3.x family (3.4.4-2-ARCH)
configure:5479: checking for 32 bit build support
configure:5497: gcc -o conftest -m32   conftest.c  >&5
/usr/bin/ld: skipping incompatible /usr/lib/gcc/x86_64-unknown-linux-gnu/4.7.1/libgcc.a when searching for -lgcc
/usr/bin/ld: cannot find -lgcc
/usr/bin/ld: skipping incompatible /usr/lib/gcc/x86_64-unknown-linux-gnu/4.7.1/../../../libgcc_s.so when searching for -lgcc_s
/usr/bin/ld: skipping incompatible /usr/lib/libgcc_s.so when searching for -lgcc_s
/usr/bin/ld: cannot find -lgcc_s
/usr/bin/ld: skipping incompatible /usr/lib/gcc/x86_64-unknown-linux-gnu/4.7.1/../../../libc.so when searching for -lc
/usr/bin/ld: skipping incompatible /usr/lib/gcc/x86_64-unknown-linux-gnu/4.7.1/../../../libc.a when searching for -lc
/usr/bin/ld: skipping incompatible /usr/lib/libc.so when searching for -lc
/usr/bin/ld: skipping incompatible /usr/lib/libc.a when searching for -lc
/usr/bin/ld: cannot find -lc
/usr/bin/ld: skipping incompatible /usr/lib/gcc/x86_64-unknown-linux-gnu/4.7.1/libgcc.a when searching for -lgcc
/usr/bin/ld: cannot find -lgcc
/usr/bin/ld: skipping incompatible /usr/lib/gcc/x86_64-unknown-linux-gnu/4.7.1/../../../libgcc_s.so when searching for -lgcc_s
/usr/bin/ld: skipping incompatible /usr/lib/libgcc_s.so when searching for -lgcc_s
/usr/bin/ld: cannot find -lgcc_s
collect2: error: ld returned 1 exit status
configure:5497: $? = 1
configure: failed program was:
| /* confdefs.h */
| #define PACKAGE_NAME "Valgrind"
| #define PACKAGE_TARNAME "valgrind"
| #define PACKAGE_VERSION "3.7.0"
| #define PACKAGE_STRING "Valgrind 3.7.0"
| #define PACKAGE_BUGREPORT "valgrind-users@lists.sourceforge.net"
| #define PACKAGE_URL ""
| #define PACKAGE "valgrind"
| #define VERSION "3.7.0"
| #define GDB_PATH "/no/gdb/was/found/at/configure/time"
| #define KERNEL_2_6 1
| /* end confdefs.h.  */
| 
| int
| main ()
| {
| 
|           return 0;
| 
|   ;
|   return 0;
| }
configure:5505: result: no
configure:5555: checking for a supported CPU/OS combination
configure:5605: result: ok (amd64-linux)
configure:5904: checking for use as an inner Valgrind
configure:5917: result: no
configure:5956: checking for grep that handles long lines and -e
configure:6014: result: /usr/bin/grep
configure:6019: checking for egrep
configure:6081: result: /usr/bin/grep -E
configure:6086: checking for ANSI C header files
configure:6106: gcc -c -Wno-long-long   conftest.c >&5
configure:6106: $? = 0
configure:6179: gcc -o conftest -Wno-long-long    conftest.c  >&5
configure:6179: $? = 0
configure:6179: ./conftest
configure:6179: $? = 0
configure:6190: result: yes
configure:6203: checking for sys/types.h
configure:6203: gcc -c -Wno-long-long   conftest.c >&5
configure:6203: $? = 0
configure:6203: result: yes
configure:6203: checking for sys/stat.h
configure:6203: gcc -c -Wno-long-long   conftest.c >&5
configure:6203: $? = 0
configure:6203: result: yes
configure:6203: checking for stdlib.h
configure:6203: gcc -c -Wno-long-long   conftest.c >&5
configure:6203: $? = 0
configure:6203: result: yes
configure:6203: checking for string.h
configure:6203: gcc -c -Wno-long-long   conftest.c >&5
configure:6203: $? = 0
configure:6203: result: yes
configure:6203: checking for memory.h
configure:6203: gcc -c -Wno-long-long   conftest.c >&5
configure:6203: $? = 0
configure:6203: result: yes
configure:6203: checking for strings.h
configure:6203: gcc -c -Wno-long-long   conftest.c >&5
configure:6203: $? = 0
configure:6203: result: yes
configure:6203: checking for inttypes.h
configure:6203: gcc -c -Wno-long-long   conftest.c >&5
configure:6203: $? = 0
configure:6203: result: yes
configure:6203: checking for stdint.h
configure:6203: gcc -c -Wno-long-long   conftest.c >&5
configure:6203: $? = 0
configure:6203: result: yes
configure:6203: checking for unistd.h
configure:6203: gcc -c -Wno-long-long   conftest.c >&5
configure:6203: $? = 0
configure:6203: result: yes
configure:6216: checking features.h usability
configure:6216: gcc -c -Wno-long-long   conftest.c >&5
configure:6216: $? = 0
configure:6216: result: yes
configure:6216: checking features.h presence
configure:6216: gcc -E  conftest.c
configure:6216: $? = 0
configure:6216: result: yes
configure:6216: checking for features.h
configure:6216: result: yes
configure:6268: checking the GLIBC_VERSION version
configure:6423: result: unsupported version 2.16
configure:6425: error: Valgrind requires glibc version 2.2 - 2.14

## ---------------- ##
## Cache variables. ##
## ---------------- ##

ac_cv_build=x86_64-unknown-linux-gnu
ac_cv_c_compiler_gnu=yes
ac_cv_cxx_compiler_gnu=yes
ac_cv_env_AR_set=
ac_cv_env_AR_value=
ac_cv_env_CCASFLAGS_set=
ac_cv_env_CCASFLAGS_value=
ac_cv_env_CCAS_set=
ac_cv_env_CCAS_value=
ac_cv_env_CCC_set=
ac_cv_env_CCC_value=
ac_cv_env_CC_set=
ac_cv_env_CC_value=
ac_cv_env_CFLAGS_set=
ac_cv_env_CFLAGS_value=
ac_cv_env_CPPFLAGS_set=
ac_cv_env_CPPFLAGS_value=
ac_cv_env_CPP_set=
ac_cv_env_CPP_value=
ac_cv_env_CXXFLAGS_set=
ac_cv_env_CXXFLAGS_value=
ac_cv_env_CXX_set=
ac_cv_env_CXX_value=
ac_cv_env_LDFLAGS_set=
ac_cv_env_LDFLAGS_value=
ac_cv_env_LIBS_set=
ac_cv_env_LIBS_value=
ac_cv_env_build_alias_set=
ac_cv_env_build_alias_value=
ac_cv_env_host_alias_set=
ac_cv_env_host_alias_value=
ac_cv_env_target_alias_set=
ac_cv_env_target_alias_value=
ac_cv_header_features_h=yes
ac_cv_header_inttypes_h=yes
ac_cv_header_memory_h=yes
ac_cv_header_stdc=yes
ac_cv_header_stdint_h=yes
ac_cv_header_stdlib_h=yes
ac_cv_header_string_h=yes
ac_cv_header_strings_h=yes
ac_cv_header_sys_stat_h=yes
ac_cv_header_sys_types_h=yes
ac_cv_header_unistd_h=yes
ac_cv_host=x86_64-unknown-linux-gnu
ac_cv_objext=o
ac_cv_path_AR=/usr/bin/ar
ac_cv_path_EGREP='/usr/bin/grep -E'
ac_cv_path_GDB=/no/gdb/was/found/at/configure/time
ac_cv_path_GREP=/usr/bin/grep
ac_cv_path_PERL=/usr/bin/perl
ac_cv_path_SED=/bin/sed
ac_cv_path_install='/usr/bin/install -c'
ac_cv_path_mkdir=/bin/mkdir
ac_cv_prog_AWK=gawk
ac_cv_prog_CPP='gcc -E'
ac_cv_prog_ac_ct_CC=gcc
ac_cv_prog_ac_ct_CXX=g++
ac_cv_prog_ac_ct_RANLIB=ranlib
ac_cv_prog_cc_c89=
ac_cv_prog_cc_g=yes
ac_cv_prog_cc_gcc_c_o=yes
ac_cv_prog_cxx_g=yes
ac_cv_prog_make_make_set=yes
am_cv_CCAS_dependencies_compiler_type=gcc3
am_cv_CC_dependencies_compiler_type=gcc3
am_cv_CXX_dependencies_compiler_type=gcc3
vg_cv_inner=no
vg_cv_only32bit=no
vg_cv_only64bit=yes

## ----------------- ##
## Output variables. ##
## ----------------- ##

ACLOCAL='${SHELL} /home/torerling/programming/c_hard/valgrind-3.6.1/valgrind-3.7.0/missing --run aclocal-1.11'
AMDEPBACKSLASH='\'
AMDEP_FALSE='#'
AMDEP_TRUE=''
AMTAR='${SHELL} /home/torerling/programming/c_hard/valgrind-3.6.1/valgrind-3.7.0/missing --run tar'
AR='/usr/bin/ar'
AUTOCONF='${SHELL} /home/torerling/programming/c_hard/valgrind-3.6.1/valgrind-3.7.0/missing --run autoconf'
AUTOHEADER='${SHELL} /home/torerling/programming/c_hard/valgrind-3.6.1/valgrind-3.7.0/missing --run autoheader'
AUTOMAKE='${SHELL} /home/torerling/programming/c_hard/valgrind-3.6.1/valgrind-3.7.0/missing --run automake-1.11'
AWK='gawk'
BOOST_CFLAGS=''
BOOST_LIBS=''
BUILD_LZCNT_TESTS_FALSE=''
BUILD_LZCNT_TESTS_TRUE=''
BUILD_MPIWRAP_PRI_FALSE=''
BUILD_MPIWRAP_PRI_TRUE=''
BUILD_MPIWRAP_SEC_FALSE=''
BUILD_MPIWRAP_SEC_TRUE=''
BUILD_PCLMULQDQ_TESTS_FALSE=''
BUILD_PCLMULQDQ_TESTS_TRUE=''
BUILD_SSE3_TESTS_FALSE=''
BUILD_SSE3_TESTS_TRUE=''
BUILD_SSE42_TESTS_FALSE=''
BUILD_SSE42_TESTS_TRUE=''
BUILD_SSSE3_TESTS_FALSE=''
BUILD_SSSE3_TESTS_TRUE=''
CC='gcc'
CCAS='gcc'
CCASDEPMODE='depmode=gcc3'
CCASFLAGS='-Wno-long-long '
CCDEPMODE='depmode=gcc3'
CFLAGS='-Wno-long-long '
CPP='gcc -E'
CPPFLAGS=''
CXX='g++'
CXXDEPMODE='depmode=gcc3'
CXXFLAGS='-g -O2'
CYGPATH_W='echo'
DEFAULT_SUPP=''
DEFS=''
DEPDIR='.deps'
DIFF='diff -u'
ECHO_C=''
ECHO_N='-n'
ECHO_T=''
EGREP='/usr/bin/grep -E'
EXEEXT=''
FLAG_FNO_STACK_PROTECTOR=''
FLAG_M32=''
FLAG_M64=''
FLAG_MMMX=''
FLAG_MSSE=''
FLAG_NO_BUILD_ID=''
FLAG_UNLIMITED_INLINE_UNIT_GROWTH=''
FLAG_W_EXTRA=''
FLAG_W_NO_EMPTY_BODY=''
FLAG_W_NO_FORMAT_ZERO_LENGTH=''
FLAG_W_NO_NONNULL=''
FLAG_W_NO_OVERFLOW=''
FLAG_W_NO_UNINITIALIZED=''
GDB='/no/gdb/was/found/at/configure/time'
GLIBC_VERSION='2.16'
GREP='/usr/bin/grep'
HAS_ALTIVEC_FALSE=''
HAS_ALTIVEC_TRUE=''
HAS_VSX_FALSE=''
HAS_VSX_TRUE=''
HAVE_BOOST_1_35_FALSE=''
HAVE_BOOST_1_35_TRUE=''
HAVE_BUILTIN_ATOMIC_CXX_FALSE=''
HAVE_BUILTIN_ATOMIC_CXX_TRUE=''
HAVE_BUILTIN_ATOMIC_FALSE=''
HAVE_BUILTIN_ATOMIC_TRUE=''
HAVE_OPENMP_FALSE=''
HAVE_OPENMP_TRUE=''
HAVE_PTHREAD_BARRIER_FALSE=''
HAVE_PTHREAD_BARRIER_TRUE=''
HAVE_PTHREAD_CREATE_GLIBC_2_0_FALSE=''
HAVE_PTHREAD_CREATE_GLIBC_2_0_TRUE=''
HAVE_PTHREAD_MUTEX_TIMEDLOCK_FALSE=''
HAVE_PTHREAD_MUTEX_TIMEDLOCK_TRUE=''
HAVE_PTHREAD_SPINLOCK_FALSE=''
HAVE_PTHREAD_SPINLOCK_TRUE=''
INSTALL_DATA='${INSTALL} -m 644'
INSTALL_PROGRAM='${INSTALL}'
INSTALL_SCRIPT='${INSTALL}'
INSTALL_STRIP_PROGRAM='$(install_sh) -c -s'
LDFLAGS=''
LIBOBJS=''
LIBS=''
LN_S='ln -s'
LTLIBOBJS=''
MAINT='#'
MAINTAINER_MODE_FALSE=''
MAINTAINER_MODE_TRUE='#'
MAKEINFO='${SHELL} /home/torerling/programming/c_hard/valgrind-3.6.1/valgrind-3.7.0/missing --run makeinfo'
MKDIR_P='/bin/mkdir -p'
MPI_CC=''
OBJEXT='o'
PACKAGE='valgrind'
PACKAGE_BUGREPORT='valgrind-users@lists.sourceforge.net'
PACKAGE_NAME='Valgrind'
PACKAGE_STRING='Valgrind 3.7.0'
PACKAGE_TARNAME='valgrind'
PACKAGE_URL=''
PACKAGE_VERSION='3.7.0'
PATH_SEPARATOR=':'
PERL='/usr/bin/perl'
PREFERRED_STACK_BOUNDARY=''
RANLIB='ranlib'
SED='/bin/sed'
SET_MAKE=''
SHELL='/bin/sh'
STRIP=''
VALT_LOAD_ADDRESS_PRI='0x38000000'
VALT_LOAD_ADDRESS_SEC='0xUNSET'
VERSION='3.7.0'
VGCONF_ARCHS_INCLUDE_AMD64_FALSE='#'
VGCONF_ARCHS_INCLUDE_AMD64_TRUE=''
VGCONF_ARCHS_INCLUDE_ARM_FALSE=''
VGCONF_ARCHS_INCLUDE_ARM_TRUE='#'
VGCONF_ARCHS_INCLUDE_PPC32_FALSE=''
VGCONF_ARCHS_INCLUDE_PPC32_TRUE='#'
VGCONF_ARCHS_INCLUDE_PPC64_FALSE=''
VGCONF_ARCHS_INCLUDE_PPC64_TRUE='#'
VGCONF_ARCHS_INCLUDE_S390X_FALSE=''
VGCONF_ARCHS_INCLUDE_S390X_TRUE='#'
VGCONF_ARCHS_INCLUDE_X86_FALSE=''
VGCONF_ARCHS_INCLUDE_X86_TRUE='#'
VGCONF_ARCH_PRI='amd64'
VGCONF_ARCH_SEC=''
VGCONF_HAVE_PLATFORM_SEC_FALSE=''
VGCONF_HAVE_PLATFORM_SEC_TRUE='#'
VGCONF_OS='linux'
VGCONF_OS_IS_DARWIN_FALSE=''
VGCONF_OS_IS_DARWIN_TRUE='#'
VGCONF_OS_IS_LINUX_FALSE='#'
VGCONF_OS_IS_LINUX_TRUE=''
VGCONF_PLATFORMS_INCLUDE_AMD64_DARWIN_FALSE=''
VGCONF_PLATFORMS_INCLUDE_AMD64_DARWIN_TRUE='#'
VGCONF_PLATFORMS_INCLUDE_AMD64_LINUX_FALSE='#'
VGCONF_PLATFORMS_INCLUDE_AMD64_LINUX_TRUE=''
VGCONF_PLATFORMS_INCLUDE_ARM_LINUX_FALSE=''
VGCONF_PLATFORMS_INCLUDE_ARM_LINUX_TRUE='#'
VGCONF_PLATFORMS_INCLUDE_PPC32_LINUX_FALSE=''
VGCONF_PLATFORMS_INCLUDE_PPC32_LINUX_TRUE='#'
VGCONF_PLATFORMS_INCLUDE_PPC64_LINUX_FALSE=''
VGCONF_PLATFORMS_INCLUDE_PPC64_LINUX_TRUE='#'
VGCONF_PLATFORMS_INCLUDE_S390X_LINUX_FALSE=''
VGCONF_PLATFORMS_INCLUDE_S390X_LINUX_TRUE='#'
VGCONF_PLATFORMS_INCLUDE_X86_DARWIN_FALSE=''
VGCONF_PLATFORMS_INCLUDE_X86_DARWIN_TRUE='#'
VGCONF_PLATFORMS_INCLUDE_X86_LINUX_FALSE=''
VGCONF_PLATFORMS_INCLUDE_X86_LINUX_TRUE='#'
VGCONF_PLATFORM_PRI_CAPS='AMD64_LINUX'
VGCONF_PLATFORM_SEC_CAPS=''
VGCONF_PLATVARIANT=''
VGCONF_PLATVARIANT_IS_ANDROID_FALSE=''
VGCONF_PLATVARIANT_IS_ANDROID_TRUE=''
VGCONF_PLATVARIANT_IS_VANILLA_FALSE=''
VGCONF_PLATVARIANT_IS_VANILLA_TRUE=''
ac_ct_CC='gcc'
ac_ct_CXX='g++'
am__EXEEXT_FALSE=''
am__EXEEXT_TRUE=''
am__fastdepCCAS_FALSE='#'
am__fastdepCCAS_TRUE=''
am__fastdepCC_FALSE='#'
am__fastdepCC_TRUE=''
am__fastdepCXX_FALSE='#'
am__fastdepCXX_TRUE=''
am__include='include'
am__isrc=''
am__leading_dot='.'
am__quote=''
am__tar='${AMTAR} chof - "$$tardir"'
am__untar='${AMTAR} xf -'
bindir='${exec_prefix}/bin'
build='x86_64-unknown-linux-gnu'
build_alias=''
build_cpu='x86_64'
build_os='linux-gnu'
build_vendor='unknown'
datadir='${datarootdir}'
datarootdir='${prefix}/share'
docdir='${datarootdir}/doc/${PACKAGE_TARNAME}'
dvidir='${docdir}'
exec_prefix='NONE'
host='x86_64-unknown-linux-gnu'
host_alias=''
host_cpu='x86_64'
host_os='linux-gnu'
host_vendor='unknown'
htmldir='${docdir}'
includedir='${prefix}/include'
infodir='${datarootdir}/info'
install_sh='${SHELL} /home/torerling/programming/c_hard/valgrind-3.6.1/valgrind-3.7.0/install-sh'
libdir='${exec_prefix}/lib'
libexecdir='${exec_prefix}/libexec'
localedir='${datarootdir}/locale'
localstatedir='${prefix}/var'
mandir='${datarootdir}/man'
mkdir_p='/bin/mkdir -p'
oldincludedir='/usr/include'
pdfdir='${docdir}'
prefix='NONE'
program_transform_name='s,x,x,'
psdir='${docdir}'
sbindir='${exec_prefix}/sbin'
sharedstatedir='${prefix}/com'
sysconfdir='${prefix}/etc'
target_alias=''

## ----------- ##
## confdefs.h. ##
## ----------- ##

/* confdefs.h */
#define PACKAGE_NAME "Valgrind"
#define PACKAGE_TARNAME "valgrind"
#define PACKAGE_VERSION "3.7.0"
#define PACKAGE_STRING "Valgrind 3.7.0"
#define PACKAGE_BUGREPORT "valgrind-users@lists.sourceforge.net"
#define PACKAGE_URL ""
#define PACKAGE "valgrind"
#define VERSION "3.7.0"
#define GDB_PATH "/no/gdb/was/found/at/configure/time"
#define KERNEL_2_6 1
#define VG_TMPDIR "/tmp"
#define STDC_HEADERS 1
#define HAVE_SYS_TYPES_H 1
#define HAVE_SYS_STAT_H 1
#define HAVE_STDLIB_H 1
#define HAVE_STRING_H 1
#define HAVE_MEMORY_H 1
#define HAVE_STRINGS_H 1
#define HAVE_INTTYPES_H 1
#define HAVE_STDINT_H 1
#define HAVE_UNISTD_H 1

configure: exit 1
